#
# There is insufficient memory for the Java Runtime Environment to continue.
# Native memory allocation (mmap) failed to map 534773760 bytes for Failed to commit area from 0x0000000602000000 to 0x0000000621e00000 of length 534773760.
# Possible reasons:
#   The system is out of physical RAM or swap space
#   The process is running with CompressedOops enabled, and the Java Heap may be blocking the growth of the native heap
# Possible solutions:
#   Reduce memory load on the system
#   Increase physical memory or swap space
#   Check if swap backing store is full
#   Decrease Java heap size (-Xmx/-Xms)
#   Decrease number of Java threads
#   Decrease Java thread stack sizes (-Xss)
#   Set larger code cache with -XX:ReservedCodeCacheSize=
# This output file may be truncated or incomplete.
#
#  Out of Memory Error (./src/hotspot/os/windows/os_windows.cpp:3387), pid=26312, tid=16428
#
# JRE version:  (11.0.14.1+1) (build )
# Java VM: OpenJDK 64-Bit Server VM (11.0.14.1+1, mixed mode, sharing, tiered, compressed oops, g1 gc, windows-amd64)
# No core dump will be written. Minidumps are not enabled by default on client versions of Windows
#

---------------  S U M M A R Y ------------

Command Line: -Dfile.encoding=UTF-8 

Host: Intel(R) Core(TM) i3-10100F CPU @ 3.60GHz, 8 cores, 31G,  Windows 10 , 64 bit Build 19041 (10.0.19041.292)
Time: Mon Dec 25 17:32:17 2023 RTZ 2 (зима) elapsed time: 0.073080 seconds (0d 0h 0m 0s)

---------------  T H R E A D  ---------------

Current thread (0x000002cf0bea7800):  JavaThread "Unknown thread" [_thread_in_vm, id=16428, stack(0x000000d82b500000,0x000000d82b600000)]

Stack: [0x000000d82b500000,0x000000d82b600000]
Native frames: (J=compiled Java code, j=interpreted, Vv=VM code, C=native code)
V  [jvm.dll+0x61e59a]
V  [jvm.dll+0x7aaca9]
V  [jvm.dll+0x7ac398]
V  [jvm.dll+0x7aca73]
V  [jvm.dll+0x24f9b8]
V  [jvm.dll+0x61b83a]
V  [jvm.dll+0x6100c5]
V  [jvm.dll+0x30772c]
V  [jvm.dll+0x3075b2]
V  [jvm.dll+0x30c2d6]
V  [jvm.dll+0x35272f]
V  [jvm.dll+0x352160]
V  [jvm.dll+0x2e4728]
V  [jvm.dll+0x2e5886]
V  [jvm.dll+0x784b07]
V  [jvm.dll+0x78628f]
V  [jvm.dll+0x35f479]
V  [jvm.dll+0x767aa0]
V  [jvm.dll+0x3ccf1f]
V  [jvm.dll+0x3cf2b1]
C  [jli.dll+0x5207]
C  [ucrtbase.dll+0x21542]
C  [KERNEL32.DLL+0x16fd4]
C  [ntdll.dll+0x4cec1]


---------------  P R O C E S S  ---------------

Threads class SMR info:
_java_thread_list=0x000002cf0a4a1970, length=0, elements={
}

Java Threads: ( => current thread )

Other Threads:
  0x000002cf0bec0800 GCTaskThread "GC Thread#0" [stack: 0x000000d82b600000,0x000000d82b700000] [id=26052]
  0x000002cf0bf41800 ConcurrentGCThread "G1 Main Marker" [stack: 0x000000d82b700000,0x000000d82b800000] [id=18848]
  0x000002cf0bf45000 ConcurrentGCThread "G1 Conc#0" [stack: 0x000000d82b800000,0x000000d82b900000] [id=23336]

[error occurred during error reporting (printing all threads), id 0xc0000005, EXCEPTION_ACCESS_VIOLATION (0xc0000005) at pc=0x00007ffe8e7c3ef7]

VM state:not at safepoint (not fully initialized)

VM Mutex/Monitor currently owned by a thread:  ([mutex/lock_event])
[0x000002cf0bea4ae0] Heap_lock - owner thread: 0x000002cf0bea7800

Heap address: 0x0000000602000000, size: 8160 MB, Compressed Oops mode: Non-zero based: 0x0000000602000000
Narrow klass base: 0x0000000000000000, Narrow klass shift: 0

GC Heap History (0 events):
No events

Deoptimization events (0 events):
No events

Classes redefined (0 events):
No events

Internal exceptions (0 events):
No events

Events (1 events):
Event: 0.005 Loaded shared library C:\My programs\Unity Editor\2022.3.8f1\Editor\Data\PlaybackEngines\AndroidPlayer\OpenJDK\bin\zip.dll


Dynamic libraries:
0x00007ff6a1ea0000 - 0x00007ff6a1ead000 	C:\My programs\Unity Editor\2022.3.8f1\Editor\Data\PlaybackEngines\AndroidPlayer\OpenJDK\bin\java.exe
0x00007ffefc930000 - 0x00007ffefcb25000 	C:\Windows\SYSTEM32\ntdll.dll
0x00007ffefac10000 - 0x00007ffefaccd000 	C:\Windows\System32\KERNEL32.DLL
0x00007ffefa410000 - 0x00007ffefa6d7000 	C:\Windows\System32\KERNELBASE.dll
0x00007ffefa150000 - 0x00007ffefa250000 	C:\Windows\System32\ucrtbase.dll
0x00007ffee5d40000 - 0x00007ffee5d57000 	C:\My programs\Unity Editor\2022.3.8f1\Editor\Data\PlaybackEngines\AndroidPlayer\OpenJDK\bin\jli.dll
0x00007ffee5d20000 - 0x00007ffee5d35000 	C:\My programs\Unity Editor\2022.3.8f1\Editor\Data\PlaybackEngines\AndroidPlayer\OpenJDK\bin\VCRUNTIME140.dll
0x00007ffefb070000 - 0x00007ffefb210000 	C:\Windows\System32\USER32.dll
0x00007ffeec0a0000 - 0x00007ffeec33a000 	C:\Windows\WinSxS\amd64_microsoft.windows.common-controls_6595b64144ccf1df_6.0.19041.1_none_b555e41d4684ddec\COMCTL32.dll
0x00007ffefa6e0000 - 0x00007ffefa702000 	C:\Windows\System32\win32u.dll
0x00007ffefc640000 - 0x00007ffefc66a000 	C:\Windows\System32\GDI32.dll
0x00007ffefc4f0000 - 0x00007ffefc58e000 	C:\Windows\System32\msvcrt.dll
0x00007ffefa7b0000 - 0x00007ffefa8ba000 	C:\Windows\System32\gdi32full.dll
0x00007ffefa710000 - 0x00007ffefa7ad000 	C:\Windows\System32\msvcp_win.dll
0x00007ffefab20000 - 0x00007ffefab50000 	C:\Windows\System32\IMM32.DLL
0x00007ffe92730000 - 0x00007ffe927cb000 	C:\My programs\Unity Editor\2022.3.8f1\Editor\Data\PlaybackEngines\AndroidPlayer\OpenJDK\bin\msvcp140.dll
0x00007ffe8e4d0000 - 0x00007ffe8f051000 	C:\My programs\Unity Editor\2022.3.8f1\Editor\Data\PlaybackEngines\AndroidPlayer\OpenJDK\bin\server\jvm.dll
0x00007ffefc0e0000 - 0x00007ffefc18a000 	C:\Windows\System32\ADVAPI32.dll
0x00007ffefc590000 - 0x00007ffefc62b000 	C:\Windows\System32\sechost.dll
0x00007ffefb7f0000 - 0x00007ffefb913000 	C:\Windows\System32\RPCRT4.dll
0x00007ffefc630000 - 0x00007ffefc638000 	C:\Windows\System32\PSAPI.DLL
0x00007ffee8570000 - 0x00007ffee8579000 	C:\Windows\SYSTEM32\WSOCK32.dll
0x00007ffef1fc0000 - 0x00007ffef1fe7000 	C:\Windows\SYSTEM32\WINMM.dll
0x00007ffef48d0000 - 0x00007ffef48da000 	C:\Windows\SYSTEM32\VERSION.dll
0x00007ffefb920000 - 0x00007ffefb98b000 	C:\Windows\System32\WS2_32.dll
0x00007ffef7ff0000 - 0x00007ffef8003000 	C:\Windows\SYSTEM32\kernel.appcore.dll
0x00007ffee5d10000 - 0x00007ffee5d20000 	C:\My programs\Unity Editor\2022.3.8f1\Editor\Data\PlaybackEngines\AndroidPlayer\OpenJDK\bin\verify.dll
0x00007ffef4b50000 - 0x00007ffef4d34000 	C:\Windows\SYSTEM32\DBGHELP.DLL
0x00007ffee5fd0000 - 0x00007ffee5ffc000 	C:\Windows\SYSTEM32\dbgcore.DLL
0x00007ffefa080000 - 0x00007ffefa0ff000 	C:\Windows\System32\bcryptPrimitives.dll
0x00007ffee2f90000 - 0x00007ffee2fb8000 	C:\My programs\Unity Editor\2022.3.8f1\Editor\Data\PlaybackEngines\AndroidPlayer\OpenJDK\bin\java.dll
0x00007ffee53a0000 - 0x00007ffee53aa000 	C:\My programs\Unity Editor\2022.3.8f1\Editor\Data\PlaybackEngines\AndroidPlayer\OpenJDK\bin\jimage.dll
0x00007ffee2f70000 - 0x00007ffee2f88000 	C:\My programs\Unity Editor\2022.3.8f1\Editor\Data\PlaybackEngines\AndroidPlayer\OpenJDK\bin\zip.dll

dbghelp: loaded successfully - version: 4.0.5 - missing functions: none
symbol engine: initialized successfully - sym options: 0x614 - pdb path: .;C:\My programs\Unity Editor\2022.3.8f1\Editor\Data\PlaybackEngines\AndroidPlayer\OpenJDK\bin;C:\Windows\SYSTEM32;C:\Windows\WinSxS\amd64_microsoft.windows.common-controls_6595b64144ccf1df_6.0.19041.1_none_b555e41d4684ddec;C:\My programs\Unity Editor\2022.3.8f1\Editor\Data\PlaybackEngines\AndroidPlayer\OpenJDK\bin\server

VM Arguments:
jvm_args: -Dfile.encoding=UTF-8 
java_command: <unknown>
java_class_path (initial): <not set>
Launcher Type: SUN_STANDARD

[Global flags]
     intx CICompilerCount                          = 4                                         {product} {ergonomic}
     uint ConcGCThreads                            = 2                                         {product} {ergonomic}
     uint G1ConcRefinementThreads                  = 8                                         {product} {ergonomic}
   size_t G1HeapRegionSize                         = 2097152                                   {product} {ergonomic}
    uintx GCDrainStackTargetSize                   = 64                                        {product} {ergonomic}
   size_t InitialHeapSize                          = 534773760                                 {product} {ergonomic}
   size_t MarkStackSize                            = 4194304                                   {product} {ergonomic}
   size_t MaxHeapSize                              = 8556380160                                {product} {ergonomic}
   size_t MinHeapDeltaBytes                        = 2097152                                   {product} {ergonomic}
    uintx NonNMethodCodeHeapSize                   = 5836300                                {pd product} {ergonomic}
    uintx NonProfiledCodeHeapSize                  = 122910970                              {pd product} {ergonomic}
    uintx ProfiledCodeHeapSize                     = 122910970                              {pd product} {ergonomic}
    uintx ReservedCodeCacheSize                    = 251658240                              {pd product} {ergonomic}
     bool SegmentedCodeCache                       = true                                      {product} {ergonomic}
     bool UseCompressedClassPointers               = true                                 {lp64_product} {ergonomic}
     bool UseCompressedOops                        = true                                 {lp64_product} {ergonomic}
     bool UseG1GC                                  = true                                      {product} {ergonomic}
     bool UseLargePagesIndividualAllocation        = false                                  {pd product} {ergonomic}

Logging:
Log output configuration:
 #0: stdout all=warning uptime,level,tags
 #1: stderr all=off uptime,level,tags

Environment Variables:
JAVA_HOME=C:\My programs\Unity Editor\2022.3.8f1\Editor\Data\PlaybackEngines\AndroidPlayer\OpenJDK
JAVA_TOOL_OPTIONS=-Dfile.encoding=UTF-8
PATH=C:\Windows\system32;C:\Windows;C:\Windows\System32\Wbem;C:\Windows\System32\WindowsPowerShell\v1.0\;C:\Windows\System32\OpenSSH\;C:\Program Files (x86)\dotnet\;C:\Program Files\Git\cmd;C:\Users\Sergey\AppData\Local\Microsoft\WindowsApps;C:\Users\Sergey\AppData\Local\GitHubDesktop\bin
USERNAME=Sergey
OS=Windows_NT
PROCESSOR_IDENTIFIER=Intel64 Family 6 Model 165 Stepping 3, GenuineIntel



---------------  S Y S T E M  ---------------

OS: Windows 10 , 64 bit Build 19041 (10.0.19041.292)
OS uptime: 0 days 8:25 hours

CPU:total 8 (initial active 8) (4 cores per cpu, 2 threads per core) family 6 model 165 stepping 3 microcode 0xea, cmov, cx8, fxsr, mmx, sse, sse2, sse3, ssse3, sse4.1, sse4.2, popcnt, avx, avx2, aes, clmul, erms, 3dnowpref, lzcnt, ht, tsc, tscinvbit, bmi1, bmi2, adx, fma

Memory: 4k page, system-wide physical 32635M (8993M free)
TotalPageFile size 32635M (AvailPageFile size 156M)
current process WorkingSet (physical memory assigned to process): 10M, peak: 10M
current process commit charge ("private bytes"): 60M, peak: 570M

vm_info: OpenJDK 64-Bit Server VM (11.0.14.1+1) for windows-amd64 JRE (11.0.14.1+1), built on Feb  9 2022 01:48:27 by "" with unknown MS VC++:1916

END.
